{"/Users/greg/gregpro/dev/bootcamp/angular/photo-rating-api-mysql/app.js":{"path":"/Users/greg/gregpro/dev/bootcamp/angular/photo-rating-api-mysql/app.js","s":{"1":1,"2":1,"3":1,"4":1,"5":1,"6":1,"7":1,"8":1,"9":1,"10":1,"11":1,"12":1,"13":1,"14":0,"15":0,"16":1,"17":3,"18":3,"19":3,"20":2,"21":1,"22":1,"23":1,"24":0,"25":0,"26":1,"27":1,"28":1,"29":1,"30":1,"31":0,"32":0,"33":0,"34":0,"35":0,"36":1,"37":1,"38":1,"39":1,"40":1,"41":1,"42":0,"43":0,"44":0,"45":0,"46":0,"47":1,"48":2,"49":2,"50":2,"51":1,"52":1,"53":0,"54":0,"55":1,"56":0,"57":0,"58":1,"59":1,"60":1,"61":1,"62":1,"63":0,"64":1,"65":0,"66":1,"67":1,"68":1,"69":1,"70":10,"71":9,"72":1,"73":0,"74":0,"75":1,"76":0,"77":0,"78":0,"79":0,"80":0,"81":0,"82":0,"83":0,"84":0,"85":0,"86":0,"87":0,"88":1,"89":1,"90":1},"b":{"1":[2,1],"2":[1,0],"3":[1,1],"4":[1,0],"5":[1,1],"6":[0,1],"7":[0,1],"8":[9,1],"9":[0,0],"10":[0,0]},"f":{"1":1,"2":1,"3":0,"4":3,"5":1,"6":1,"7":1,"8":1,"9":0,"10":1,"11":1,"12":0,"13":2,"14":1,"15":0,"16":1,"17":0,"18":1},"fnMap":{"1":{"name":"(anonymous_1)","line":17,"loc":{"start":{"line":17,"column":29},"end":{"line":17,"column":56}}},"2":{"name":"(anonymous_2)","line":21,"loc":{"start":{"line":21,"column":8},"end":{"line":21,"column":25}}},"3":{"name":"(anonymous_3)","line":24,"loc":{"start":{"line":24,"column":8},"end":{"line":24,"column":24}}},"4":{"name":"(anonymous_4)","line":32,"loc":{"start":{"line":32,"column":31},"end":{"line":32,"column":58}}},"5":{"name":"(anonymous_5)","line":41,"loc":{"start":{"line":41,"column":16},"end":{"line":41,"column":33}}},"6":{"name":"(anonymous_6)","line":44,"loc":{"start":{"line":44,"column":16},"end":{"line":44,"column":32}}},"7":{"name":"(anonymous_7)","line":63,"loc":{"start":{"line":63,"column":38},"end":{"line":63,"column":65}}},"8":{"name":"(anonymous_8)","line":70,"loc":{"start":{"line":70,"column":20},"end":{"line":70,"column":37}}},"9":{"name":"(anonymous_9)","line":73,"loc":{"start":{"line":73,"column":20},"end":{"line":73,"column":36}}},"10":{"name":"(anonymous_10)","line":95,"loc":{"start":{"line":95,"column":31},"end":{"line":95,"column":58}}},"11":{"name":"(anonymous_11)","line":104,"loc":{"start":{"line":104,"column":16},"end":{"line":104,"column":33}}},"12":{"name":"(anonymous_12)","line":107,"loc":{"start":{"line":107,"column":16},"end":{"line":107,"column":32}}},"13":{"name":"(anonymous_13)","line":124,"loc":{"start":{"line":124,"column":34},"end":{"line":124,"column":61}}},"14":{"name":"(anonymous_14)","line":133,"loc":{"start":{"line":133,"column":16},"end":{"line":133,"column":33}}},"15":{"name":"(anonymous_15)","line":136,"loc":{"start":{"line":136,"column":16},"end":{"line":136,"column":32}}},"16":{"name":"(anonymous_16)","line":157,"loc":{"start":{"line":157,"column":33},"end":{"line":157,"column":60}}},"17":{"name":"(anonymous_17)","line":194,"loc":{"start":{"line":194,"column":41},"end":{"line":194,"column":68}}},"18":{"name":"(anonymous_18)","line":218,"loc":{"start":{"line":218,"column":30},"end":{"line":218,"column":42}}}},"statementMap":{"1":{"start":{"line":1,"column":0},"end":{"line":1,"column":57}},"2":{"start":{"line":2,"column":0},"end":{"line":2,"column":33}},"3":{"start":{"line":3,"column":0},"end":{"line":3,"column":20}},"4":{"start":{"line":4,"column":0},"end":{"line":4,"column":40}},"5":{"start":{"line":5,"column":0},"end":{"line":5,"column":65}},"6":{"start":{"line":6,"column":0},"end":{"line":6,"column":23}},"7":{"start":{"line":9,"column":0},"end":{"line":9,"column":47}},"8":{"start":{"line":10,"column":0},"end":{"line":10,"column":28}},"9":{"start":{"line":13,"column":0},"end":{"line":13,"column":27}},"10":{"start":{"line":14,"column":0},"end":{"line":14,"column":16}},"11":{"start":{"line":17,"column":0},"end":{"line":29,"column":3}},"12":{"start":{"line":19,"column":4},"end":{"line":28,"column":6}},"13":{"start":{"line":22,"column":12},"end":{"line":22,"column":71}},"14":{"start":{"line":25,"column":12},"end":{"line":25,"column":42}},"15":{"start":{"line":26,"column":12},"end":{"line":26,"column":69}},"16":{"start":{"line":32,"column":0},"end":{"line":59,"column":3}},"17":{"start":{"line":34,"column":4},"end":{"line":55,"column":5}},"18":{"start":{"line":35,"column":8},"end":{"line":35,"column":63}},"19":{"start":{"line":37,"column":8},"end":{"line":51,"column":9}},"20":{"start":{"line":39,"column":12},"end":{"line":47,"column":14}},"21":{"start":{"line":42,"column":20},"end":{"line":42,"column":81}},"22":{"start":{"line":45,"column":20},"end":{"line":45,"column":72}},"23":{"start":{"line":50,"column":12},"end":{"line":50,"column":55}},"24":{"start":{"line":53,"column":8},"end":{"line":53,"column":25}},"25":{"start":{"line":54,"column":8},"end":{"line":54,"column":51}},"26":{"start":{"line":63,"column":0},"end":{"line":91,"column":3}},"27":{"start":{"line":65,"column":4},"end":{"line":86,"column":5}},"28":{"start":{"line":66,"column":8},"end":{"line":81,"column":9}},"29":{"start":{"line":68,"column":12},"end":{"line":77,"column":18}},"30":{"start":{"line":71,"column":24},"end":{"line":71,"column":59}},"31":{"start":{"line":74,"column":24},"end":{"line":74,"column":51}},"32":{"start":{"line":75,"column":24},"end":{"line":75,"column":78}},"33":{"start":{"line":80,"column":12},"end":{"line":80,"column":61}},"34":{"start":{"line":84,"column":8},"end":{"line":84,"column":27}},"35":{"start":{"line":85,"column":8},"end":{"line":85,"column":58}},"36":{"start":{"line":95,"column":0},"end":{"line":121,"column":3}},"37":{"start":{"line":97,"column":4},"end":{"line":119,"column":5}},"38":{"start":{"line":98,"column":8},"end":{"line":98,"column":63}},"39":{"start":{"line":100,"column":8},"end":{"line":115,"column":9}},"40":{"start":{"line":102,"column":12},"end":{"line":111,"column":14}},"41":{"start":{"line":105,"column":20},"end":{"line":105,"column":55}},"42":{"start":{"line":108,"column":20},"end":{"line":108,"column":50}},"43":{"start":{"line":109,"column":20},"end":{"line":109,"column":74}},"44":{"start":{"line":114,"column":12},"end":{"line":114,"column":55}},"45":{"start":{"line":117,"column":8},"end":{"line":117,"column":27}},"46":{"start":{"line":118,"column":8},"end":{"line":118,"column":51}},"47":{"start":{"line":124,"column":0},"end":{"line":151,"column":3}},"48":{"start":{"line":126,"column":4},"end":{"line":148,"column":5}},"49":{"start":{"line":127,"column":8},"end":{"line":127,"column":63}},"50":{"start":{"line":129,"column":8},"end":{"line":144,"column":9}},"51":{"start":{"line":131,"column":12},"end":{"line":140,"column":14}},"52":{"start":{"line":134,"column":20},"end":{"line":134,"column":55}},"53":{"start":{"line":137,"column":20},"end":{"line":137,"column":50}},"54":{"start":{"line":138,"column":20},"end":{"line":138,"column":74}},"55":{"start":{"line":143,"column":12},"end":{"line":143,"column":55}},"56":{"start":{"line":146,"column":8},"end":{"line":146,"column":27}},"57":{"start":{"line":147,"column":8},"end":{"line":147,"column":51}},"58":{"start":{"line":157,"column":0},"end":{"line":188,"column":3}},"59":{"start":{"line":159,"column":4},"end":{"line":187,"column":5}},"60":{"start":{"line":160,"column":8},"end":{"line":160,"column":49}},"61":{"start":{"line":161,"column":8},"end":{"line":161,"column":72}},"62":{"start":{"line":163,"column":8},"end":{"line":182,"column":9}},"63":{"start":{"line":164,"column":12},"end":{"line":164,"column":58}},"64":{"start":{"line":165,"column":15},"end":{"line":182,"column":9}},"65":{"start":{"line":166,"column":12},"end":{"line":166,"column":53}},"66":{"start":{"line":168,"column":12},"end":{"line":168,"column":58}},"67":{"start":{"line":169,"column":12},"end":{"line":169,"column":61}},"68":{"start":{"line":171,"column":12},"end":{"line":171,"column":36}},"69":{"start":{"line":172,"column":12},"end":{"line":179,"column":13}},"70":{"start":{"line":173,"column":16},"end":{"line":178,"column":17}},"71":{"start":{"line":174,"column":20},"end":{"line":177,"column":23}},"72":{"start":{"line":181,"column":12},"end":{"line":181,"column":59}},"73":{"start":{"line":185,"column":8},"end":{"line":185,"column":39}},"74":{"start":{"line":186,"column":8},"end":{"line":186,"column":58}},"75":{"start":{"line":194,"column":0},"end":{"line":215,"column":3}},"76":{"start":{"line":196,"column":4},"end":{"line":213,"column":5}},"77":{"start":{"line":197,"column":8},"end":{"line":197,"column":49}},"78":{"start":{"line":198,"column":8},"end":{"line":198,"column":47}},"79":{"start":{"line":199,"column":8},"end":{"line":199,"column":72}},"80":{"start":{"line":200,"column":8},"end":{"line":200,"column":55}},"81":{"start":{"line":202,"column":8},"end":{"line":208,"column":9}},"82":{"start":{"line":203,"column":12},"end":{"line":203,"column":58}},"83":{"start":{"line":204,"column":15},"end":{"line":208,"column":9}},"84":{"start":{"line":205,"column":12},"end":{"line":205,"column":49}},"85":{"start":{"line":207,"column":12},"end":{"line":207,"column":58}},"86":{"start":{"line":211,"column":8},"end":{"line":211,"column":27}},"87":{"start":{"line":212,"column":8},"end":{"line":212,"column":41}},"88":{"start":{"line":218,"column":0},"end":{"line":220,"column":2}},"89":{"start":{"line":219,"column":2},"end":{"line":219,"column":33}},"90":{"start":{"line":222,"column":0},"end":{"line":222,"column":24}}},"branchMap":{"1":{"line":37,"type":"if","locations":[{"start":{"line":37,"column":8},"end":{"line":37,"column":8}},{"start":{"line":37,"column":8},"end":{"line":37,"column":8}}]},"2":{"line":66,"type":"if","locations":[{"start":{"line":66,"column":8},"end":{"line":66,"column":8}},{"start":{"line":66,"column":8},"end":{"line":66,"column":8}}]},"3":{"line":66,"type":"binary-expr","locations":[{"start":{"line":66,"column":11},"end":{"line":66,"column":32}},{"start":{"line":66,"column":36},"end":{"line":66,"column":80}}]},"4":{"line":100,"type":"if","locations":[{"start":{"line":100,"column":8},"end":{"line":100,"column":8}},{"start":{"line":100,"column":8},"end":{"line":100,"column":8}}]},"5":{"line":129,"type":"if","locations":[{"start":{"line":129,"column":8},"end":{"line":129,"column":8}},{"start":{"line":129,"column":8},"end":{"line":129,"column":8}}]},"6":{"line":163,"type":"if","locations":[{"start":{"line":163,"column":8},"end":{"line":163,"column":8}},{"start":{"line":163,"column":8},"end":{"line":163,"column":8}}]},"7":{"line":165,"type":"if","locations":[{"start":{"line":165,"column":15},"end":{"line":165,"column":15}},{"start":{"line":165,"column":15},"end":{"line":165,"column":15}}]},"8":{"line":173,"type":"if","locations":[{"start":{"line":173,"column":16},"end":{"line":173,"column":16}},{"start":{"line":173,"column":16},"end":{"line":173,"column":16}}]},"9":{"line":202,"type":"if","locations":[{"start":{"line":202,"column":8},"end":{"line":202,"column":8}},{"start":{"line":202,"column":8},"end":{"line":202,"column":8}}]},"10":{"line":204,"type":"if","locations":[{"start":{"line":204,"column":15},"end":{"line":204,"column":15}},{"start":{"line":204,"column":15},"end":{"line":204,"column":15}}]}}},"/Users/greg/gregpro/dev/bootcamp/angular/photo-rating-api-mysql/db-functions.js":{"path":"/Users/greg/gregpro/dev/bootcamp/angular/photo-rating-api-mysql/db-functions.js","s":{"1":1,"2":1,"3":1,"4":1,"5":1,"6":1,"7":1,"8":1,"9":1,"10":0,"11":1,"12":1,"13":2,"14":2,"15":2,"16":2,"17":0,"18":2,"19":2,"20":1,"21":1,"22":1,"23":1,"24":1,"25":1,"26":1,"27":0,"28":1,"29":1,"30":1,"31":0,"32":1,"33":1,"34":1,"35":1,"36":0,"37":1,"38":1,"39":1,"40":1,"41":1,"42":1,"43":1,"44":0,"45":1,"46":1,"47":0,"48":1,"49":1,"50":1,"51":1,"52":1,"53":1,"54":1,"55":0,"56":1,"57":1,"58":0,"59":1},"b":{"1":[0,1],"2":[0,2],"3":[0,1],"4":[0,1],"5":[0,1],"6":[0,1],"7":[0,1],"8":[0,1],"9":[0,1]},"f":{"1":1,"2":1,"3":1,"4":1,"5":2,"6":2,"7":2,"8":1,"9":1,"10":1,"11":1,"12":1,"13":1,"14":1,"15":1,"16":1,"17":1,"18":1,"19":1,"20":1},"fnMap":{"1":{"name":"Database","line":5,"loc":{"start":{"line":5,"column":0},"end":{"line":5,"column":19}}},"2":{"name":"(anonymous_2)","line":16,"loc":{"start":{"line":16,"column":28},"end":{"line":16,"column":38}}},"3":{"name":"(anonymous_3)","line":18,"loc":{"start":{"line":18,"column":6},"end":{"line":18,"column":31}}},"4":{"name":"(anonymous_4)","line":21,"loc":{"start":{"line":21,"column":26},"end":{"line":21,"column":58}}},"5":{"name":"(anonymous_5)","line":32,"loc":{"start":{"line":32,"column":24},"end":{"line":32,"column":43}}},"6":{"name":"(anonymous_6)","line":34,"loc":{"start":{"line":34,"column":6},"end":{"line":34,"column":31}}},"7":{"name":"(anonymous_7)","line":37,"loc":{"start":{"line":37,"column":26},"end":{"line":37,"column":58}}},"8":{"name":"(anonymous_8)","line":54,"loc":{"start":{"line":54,"column":26},"end":{"line":54,"column":51}}},"9":{"name":"(anonymous_9)","line":56,"loc":{"start":{"line":56,"column":6},"end":{"line":56,"column":31}}},"10":{"name":"(anonymous_10)","line":59,"loc":{"start":{"line":59,"column":27},"end":{"line":59,"column":59}}},"11":{"name":"(anonymous_11)","line":63,"loc":{"start":{"line":63,"column":29},"end":{"line":63,"column":61}}},"12":{"name":"(anonymous_12)","line":73,"loc":{"start":{"line":73,"column":31},"end":{"line":73,"column":63}}},"13":{"name":"(anonymous_13)","line":86,"loc":{"start":{"line":86,"column":23},"end":{"line":86,"column":42}}},"14":{"name":"(anonymous_14)","line":88,"loc":{"start":{"line":88,"column":6},"end":{"line":88,"column":31}}},"15":{"name":"(anonymous_15)","line":93,"loc":{"start":{"line":93,"column":27},"end":{"line":93,"column":59}}},"16":{"name":"(anonymous_16)","line":96,"loc":{"start":{"line":96,"column":29},"end":{"line":96,"column":61}}},"17":{"name":"(anonymous_17)","line":107,"loc":{"start":{"line":107,"column":23},"end":{"line":107,"column":59}}},"18":{"name":"(anonymous_18)","line":109,"loc":{"start":{"line":109,"column":6},"end":{"line":109,"column":31}}},"19":{"name":"(anonymous_19)","line":113,"loc":{"start":{"line":113,"column":27},"end":{"line":113,"column":59}}},"20":{"name":"(anonymous_20)","line":116,"loc":{"start":{"line":116,"column":29},"end":{"line":116,"column":61}}}},"statementMap":{"1":{"start":{"line":1,"column":0},"end":{"line":1,"column":29}},"2":{"start":{"line":3,"column":0},"end":{"line":3,"column":26}},"3":{"start":{"line":5,"column":0},"end":{"line":127,"column":1}},"4":{"start":{"line":7,"column":2},"end":{"line":13,"column":5}},"5":{"start":{"line":16,"column":2},"end":{"line":29,"column":4}},"6":{"start":{"line":17,"column":4},"end":{"line":27,"column":6}},"7":{"start":{"line":20,"column":8},"end":{"line":20,"column":50}},"8":{"start":{"line":21,"column":8},"end":{"line":25,"column":11}},"9":{"start":{"line":22,"column":10},"end":{"line":22,"column":65}},"10":{"start":{"line":22,"column":21},"end":{"line":22,"column":65}},"11":{"start":{"line":24,"column":10},"end":{"line":24,"column":50}},"12":{"start":{"line":32,"column":2},"end":{"line":51,"column":4}},"13":{"start":{"line":33,"column":4},"end":{"line":50,"column":6}},"14":{"start":{"line":36,"column":8},"end":{"line":36,"column":120}},"15":{"start":{"line":37,"column":8},"end":{"line":48,"column":11}},"16":{"start":{"line":38,"column":10},"end":{"line":38,"column":61}},"17":{"start":{"line":38,"column":21},"end":{"line":38,"column":61}},"18":{"start":{"line":40,"column":10},"end":{"line":45,"column":11}},"19":{"start":{"line":41,"column":12},"end":{"line":41,"column":37}},"20":{"start":{"line":42,"column":12},"end":{"line":42,"column":19}},"21":{"start":{"line":44,"column":12},"end":{"line":44,"column":31}},"22":{"start":{"line":54,"column":2},"end":{"line":83,"column":4}},"23":{"start":{"line":55,"column":4},"end":{"line":82,"column":6}},"24":{"start":{"line":58,"column":8},"end":{"line":58,"column":74}},"25":{"start":{"line":59,"column":8},"end":{"line":80,"column":11}},"26":{"start":{"line":60,"column":10},"end":{"line":60,"column":65}},"27":{"start":{"line":60,"column":21},"end":{"line":60,"column":65}},"28":{"start":{"line":62,"column":10},"end":{"line":62,"column":77}},"29":{"start":{"line":63,"column":10},"end":{"line":79,"column":13}},"30":{"start":{"line":64,"column":12},"end":{"line":64,"column":67}},"31":{"start":{"line":64,"column":23},"end":{"line":64,"column":67}},"32":{"start":{"line":66,"column":12},"end":{"line":70,"column":23}},"33":{"start":{"line":71,"column":12},"end":{"line":71,"column":42}},"34":{"start":{"line":73,"column":12},"end":{"line":78,"column":15}},"35":{"start":{"line":74,"column":14},"end":{"line":74,"column":69}},"36":{"start":{"line":74,"column":25},"end":{"line":74,"column":69}},"37":{"start":{"line":76,"column":14},"end":{"line":76,"column":70}},"38":{"start":{"line":86,"column":2},"end":{"line":104,"column":4}},"39":{"start":{"line":87,"column":4},"end":{"line":103,"column":6}},"40":{"start":{"line":91,"column":8},"end":{"line":91,"column":86}},"41":{"start":{"line":92,"column":8},"end":{"line":92,"column":73}},"42":{"start":{"line":93,"column":8},"end":{"line":101,"column":11}},"43":{"start":{"line":94,"column":10},"end":{"line":94,"column":58}},"44":{"start":{"line":94,"column":21},"end":{"line":94,"column":58}},"45":{"start":{"line":96,"column":10},"end":{"line":100,"column":13}},"46":{"start":{"line":97,"column":12},"end":{"line":97,"column":60}},"47":{"start":{"line":97,"column":23},"end":{"line":97,"column":60}},"48":{"start":{"line":99,"column":12},"end":{"line":99,"column":46}},"49":{"start":{"line":107,"column":2},"end":{"line":124,"column":4}},"50":{"start":{"line":108,"column":4},"end":{"line":123,"column":6}},"51":{"start":{"line":111,"column":8},"end":{"line":111,"column":96}},"52":{"start":{"line":112,"column":8},"end":{"line":112,"column":127}},"53":{"start":{"line":113,"column":8},"end":{"line":121,"column":11}},"54":{"start":{"line":114,"column":10},"end":{"line":114,"column":58}},"55":{"start":{"line":114,"column":21},"end":{"line":114,"column":58}},"56":{"start":{"line":116,"column":10},"end":{"line":120,"column":13}},"57":{"start":{"line":117,"column":12},"end":{"line":117,"column":60}},"58":{"start":{"line":117,"column":23},"end":{"line":117,"column":60}},"59":{"start":{"line":119,"column":12},"end":{"line":119,"column":43}}},"branchMap":{"1":{"line":22,"type":"if","locations":[{"start":{"line":22,"column":10},"end":{"line":22,"column":10}},{"start":{"line":22,"column":10},"end":{"line":22,"column":10}}]},"2":{"line":38,"type":"if","locations":[{"start":{"line":38,"column":10},"end":{"line":38,"column":10}},{"start":{"line":38,"column":10},"end":{"line":38,"column":10}}]},"3":{"line":60,"type":"if","locations":[{"start":{"line":60,"column":10},"end":{"line":60,"column":10}},{"start":{"line":60,"column":10},"end":{"line":60,"column":10}}]},"4":{"line":64,"type":"if","locations":[{"start":{"line":64,"column":12},"end":{"line":64,"column":12}},{"start":{"line":64,"column":12},"end":{"line":64,"column":12}}]},"5":{"line":74,"type":"if","locations":[{"start":{"line":74,"column":14},"end":{"line":74,"column":14}},{"start":{"line":74,"column":14},"end":{"line":74,"column":14}}]},"6":{"line":94,"type":"if","locations":[{"start":{"line":94,"column":10},"end":{"line":94,"column":10}},{"start":{"line":94,"column":10},"end":{"line":94,"column":10}}]},"7":{"line":97,"type":"if","locations":[{"start":{"line":97,"column":12},"end":{"line":97,"column":12}},{"start":{"line":97,"column":12},"end":{"line":97,"column":12}}]},"8":{"line":114,"type":"if","locations":[{"start":{"line":114,"column":10},"end":{"line":114,"column":10}},{"start":{"line":114,"column":10},"end":{"line":114,"column":10}}]},"9":{"line":117,"type":"if","locations":[{"start":{"line":117,"column":12},"end":{"line":117,"column":12}},{"start":{"line":117,"column":12},"end":{"line":117,"column":12}}]}}}}