{"/Users/greg/gregpro/dev/bootcamp/angular/photo-rating-api-mysql/app.js":{"path":"/Users/greg/gregpro/dev/bootcamp/angular/photo-rating-api-mysql/app.js","s":{"1":1,"2":1,"3":1,"4":1,"5":1,"6":1,"7":1,"8":1,"9":1,"10":1,"11":1,"12":1,"13":1,"14":1,"15":1,"16":1,"17":0,"18":0,"19":1,"20":2,"21":2,"22":2,"23":2,"24":1,"25":1,"26":0,"27":0,"28":0,"29":1,"30":1,"31":1,"32":1,"33":0,"34":0,"35":0,"36":1,"37":1,"38":1,"39":1,"40":1,"41":1,"42":0,"43":0,"44":0,"45":0,"46":0,"47":1,"48":2,"49":2,"50":2,"51":1,"52":1,"53":0,"54":0,"55":1,"56":0,"57":0,"58":1,"59":1,"60":1,"61":1,"62":1,"63":1,"64":1,"65":10,"66":9,"67":1,"68":1,"69":0,"70":0,"71":0,"72":0,"73":0,"74":1,"75":1,"76":1},"b":{"1":[2,0],"2":[1,0],"3":[1,1],"4":[1,0],"5":[1,1],"6":[9,1]},"f":{"1":1,"2":1,"3":0,"4":2,"5":1,"6":1,"7":1,"8":1,"9":0,"10":1,"11":1,"12":0,"13":2,"14":1,"15":0,"16":1,"17":0,"18":1},"fnMap":{"1":{"name":"(anonymous_1)","line":19,"loc":{"start":{"line":19,"column":29},"end":{"line":19,"column":56}}},"2":{"name":"(anonymous_2)","line":23,"loc":{"start":{"line":23,"column":8},"end":{"line":23,"column":25}}},"3":{"name":"(anonymous_3)","line":27,"loc":{"start":{"line":27,"column":8},"end":{"line":27,"column":24}}},"4":{"name":"(anonymous_4)","line":36,"loc":{"start":{"line":36,"column":31},"end":{"line":36,"column":58}}},"5":{"name":"(anonymous_5)","line":45,"loc":{"start":{"line":45,"column":16},"end":{"line":45,"column":33}}},"6":{"name":"(anonymous_6)","line":48,"loc":{"start":{"line":48,"column":16},"end":{"line":48,"column":32}}},"7":{"name":"(anonymous_7)","line":67,"loc":{"start":{"line":67,"column":38},"end":{"line":67,"column":65}}},"8":{"name":"(anonymous_8)","line":73,"loc":{"start":{"line":73,"column":16},"end":{"line":73,"column":33}}},"9":{"name":"(anonymous_9)","line":76,"loc":{"start":{"line":76,"column":16},"end":{"line":76,"column":32}}},"10":{"name":"(anonymous_10)","line":90,"loc":{"start":{"line":90,"column":31},"end":{"line":90,"column":58}}},"11":{"name":"(anonymous_11)","line":99,"loc":{"start":{"line":99,"column":16},"end":{"line":99,"column":33}}},"12":{"name":"(anonymous_12)","line":102,"loc":{"start":{"line":102,"column":16},"end":{"line":102,"column":32}}},"13":{"name":"(anonymous_13)","line":119,"loc":{"start":{"line":119,"column":34},"end":{"line":119,"column":61}}},"14":{"name":"(anonymous_14)","line":128,"loc":{"start":{"line":128,"column":16},"end":{"line":128,"column":33}}},"15":{"name":"(anonymous_15)","line":131,"loc":{"start":{"line":131,"column":16},"end":{"line":131,"column":32}}},"16":{"name":"(anonymous_16)","line":152,"loc":{"start":{"line":152,"column":33},"end":{"line":152,"column":60}}},"17":{"name":"(anonymous_17)","line":175,"loc":{"start":{"line":175,"column":41},"end":{"line":175,"column":68}}},"18":{"name":"(anonymous_18)","line":185,"loc":{"start":{"line":185,"column":30},"end":{"line":185,"column":42}}}},"statementMap":{"1":{"start":{"line":1,"column":0},"end":{"line":1,"column":57}},"2":{"start":{"line":2,"column":0},"end":{"line":2,"column":33}},"3":{"start":{"line":3,"column":0},"end":{"line":3,"column":20}},"4":{"start":{"line":4,"column":0},"end":{"line":4,"column":40}},"5":{"start":{"line":5,"column":0},"end":{"line":5,"column":65}},"6":{"start":{"line":6,"column":0},"end":{"line":6,"column":29}},"7":{"start":{"line":7,"column":0},"end":{"line":7,"column":52}},"8":{"start":{"line":8,"column":0},"end":{"line":8,"column":23}},"9":{"start":{"line":11,"column":0},"end":{"line":11,"column":47}},"10":{"start":{"line":12,"column":0},"end":{"line":12,"column":28}},"11":{"start":{"line":15,"column":0},"end":{"line":15,"column":27}},"12":{"start":{"line":16,"column":0},"end":{"line":16,"column":16}},"13":{"start":{"line":19,"column":0},"end":{"line":33,"column":3}},"14":{"start":{"line":21,"column":4},"end":{"line":31,"column":6}},"15":{"start":{"line":24,"column":12},"end":{"line":24,"column":33}},"16":{"start":{"line":25,"column":12},"end":{"line":25,"column":71}},"17":{"start":{"line":28,"column":12},"end":{"line":28,"column":42}},"18":{"start":{"line":29,"column":12},"end":{"line":29,"column":69}},"19":{"start":{"line":36,"column":0},"end":{"line":63,"column":3}},"20":{"start":{"line":38,"column":4},"end":{"line":59,"column":5}},"21":{"start":{"line":39,"column":8},"end":{"line":39,"column":63}},"22":{"start":{"line":41,"column":8},"end":{"line":55,"column":9}},"23":{"start":{"line":43,"column":12},"end":{"line":51,"column":14}},"24":{"start":{"line":46,"column":20},"end":{"line":46,"column":81}},"25":{"start":{"line":49,"column":20},"end":{"line":49,"column":72}},"26":{"start":{"line":54,"column":12},"end":{"line":54,"column":55}},"27":{"start":{"line":57,"column":8},"end":{"line":57,"column":25}},"28":{"start":{"line":58,"column":8},"end":{"line":58,"column":51}},"29":{"start":{"line":67,"column":0},"end":{"line":86,"column":3}},"30":{"start":{"line":69,"column":4},"end":{"line":84,"column":5}},"31":{"start":{"line":71,"column":8},"end":{"line":80,"column":14}},"32":{"start":{"line":74,"column":20},"end":{"line":74,"column":55}},"33":{"start":{"line":77,"column":20},"end":{"line":77,"column":47}},"34":{"start":{"line":78,"column":20},"end":{"line":78,"column":74}},"35":{"start":{"line":83,"column":8},"end":{"line":83,"column":57}},"36":{"start":{"line":90,"column":0},"end":{"line":116,"column":3}},"37":{"start":{"line":92,"column":4},"end":{"line":114,"column":5}},"38":{"start":{"line":93,"column":8},"end":{"line":93,"column":63}},"39":{"start":{"line":95,"column":8},"end":{"line":110,"column":9}},"40":{"start":{"line":97,"column":12},"end":{"line":106,"column":14}},"41":{"start":{"line":100,"column":20},"end":{"line":100,"column":55}},"42":{"start":{"line":103,"column":20},"end":{"line":103,"column":50}},"43":{"start":{"line":104,"column":20},"end":{"line":104,"column":74}},"44":{"start":{"line":109,"column":12},"end":{"line":109,"column":55}},"45":{"start":{"line":112,"column":8},"end":{"line":112,"column":25}},"46":{"start":{"line":113,"column":8},"end":{"line":113,"column":51}},"47":{"start":{"line":119,"column":0},"end":{"line":146,"column":3}},"48":{"start":{"line":121,"column":4},"end":{"line":143,"column":5}},"49":{"start":{"line":122,"column":8},"end":{"line":122,"column":63}},"50":{"start":{"line":124,"column":8},"end":{"line":139,"column":9}},"51":{"start":{"line":126,"column":12},"end":{"line":135,"column":14}},"52":{"start":{"line":129,"column":20},"end":{"line":129,"column":55}},"53":{"start":{"line":132,"column":20},"end":{"line":132,"column":50}},"54":{"start":{"line":133,"column":20},"end":{"line":133,"column":74}},"55":{"start":{"line":138,"column":12},"end":{"line":138,"column":55}},"56":{"start":{"line":141,"column":8},"end":{"line":141,"column":25}},"57":{"start":{"line":142,"column":8},"end":{"line":142,"column":51}},"58":{"start":{"line":152,"column":0},"end":{"line":170,"column":3}},"59":{"start":{"line":153,"column":4},"end":{"line":153,"column":45}},"60":{"start":{"line":154,"column":4},"end":{"line":154,"column":68}},"61":{"start":{"line":155,"column":4},"end":{"line":155,"column":50}},"62":{"start":{"line":156,"column":4},"end":{"line":156,"column":53}},"63":{"start":{"line":158,"column":4},"end":{"line":158,"column":28}},"64":{"start":{"line":159,"column":4},"end":{"line":166,"column":5}},"65":{"start":{"line":160,"column":8},"end":{"line":165,"column":9}},"66":{"start":{"line":161,"column":12},"end":{"line":164,"column":15}},"67":{"start":{"line":168,"column":4},"end":{"line":168,"column":51}},"68":{"start":{"line":175,"column":0},"end":{"line":182,"column":3}},"69":{"start":{"line":176,"column":4},"end":{"line":176,"column":45}},"70":{"start":{"line":177,"column":4},"end":{"line":177,"column":43}},"71":{"start":{"line":178,"column":4},"end":{"line":178,"column":68}},"72":{"start":{"line":179,"column":4},"end":{"line":179,"column":51}},"73":{"start":{"line":181,"column":4},"end":{"line":181,"column":50}},"74":{"start":{"line":185,"column":0},"end":{"line":187,"column":2}},"75":{"start":{"line":186,"column":2},"end":{"line":186,"column":33}},"76":{"start":{"line":189,"column":0},"end":{"line":189,"column":24}}},"branchMap":{"1":{"line":41,"type":"if","locations":[{"start":{"line":41,"column":8},"end":{"line":41,"column":8}},{"start":{"line":41,"column":8},"end":{"line":41,"column":8}}]},"2":{"line":69,"type":"if","locations":[{"start":{"line":69,"column":4},"end":{"line":69,"column":4}},{"start":{"line":69,"column":4},"end":{"line":69,"column":4}}]},"3":{"line":69,"type":"binary-expr","locations":[{"start":{"line":69,"column":7},"end":{"line":69,"column":28}},{"start":{"line":69,"column":32},"end":{"line":69,"column":76}}]},"4":{"line":95,"type":"if","locations":[{"start":{"line":95,"column":8},"end":{"line":95,"column":8}},{"start":{"line":95,"column":8},"end":{"line":95,"column":8}}]},"5":{"line":124,"type":"if","locations":[{"start":{"line":124,"column":8},"end":{"line":124,"column":8}},{"start":{"line":124,"column":8},"end":{"line":124,"column":8}}]},"6":{"line":160,"type":"if","locations":[{"start":{"line":160,"column":8},"end":{"line":160,"column":8}},{"start":{"line":160,"column":8},"end":{"line":160,"column":8}}]}}},"/Users/greg/gregpro/dev/bootcamp/angular/photo-rating-api-mysql/api-functions.js":{"path":"/Users/greg/gregpro/dev/bootcamp/angular/photo-rating-api-mysql/api-functions.js","s":{"1":1,"2":1,"3":0,"4":0,"5":0,"6":0,"7":0,"8":0,"9":0,"10":0,"11":0,"12":0,"13":0,"14":0,"15":0,"16":0,"17":0,"18":0,"19":0,"20":0,"21":0,"22":0},"b":{"1":[0,0],"2":[0,0],"3":[0,0],"4":[0,0]},"f":{"1":0,"2":0,"3":0,"4":0},"fnMap":{"1":{"name":"(anonymous_1)","line":6,"loc":{"start":{"line":6,"column":16},"end":{"line":6,"column":26}}},"2":{"name":"(anonymous_2)","line":7,"loc":{"start":{"line":7,"column":25},"end":{"line":7,"column":38}}},"3":{"name":"(anonymous_3)","line":22,"loc":{"start":{"line":22,"column":25},"end":{"line":22,"column":38}}},"4":{"name":"(anonymous_4)","line":43,"loc":{"start":{"line":43,"column":25},"end":{"line":43,"column":37}}}},"statementMap":{"1":{"start":{"line":3,"column":0},"end":{"line":3,"column":23}},"2":{"start":{"line":5,"column":0},"end":{"line":64,"column":2}},"3":{"start":{"line":7,"column":8},"end":{"line":20,"column":9}},"4":{"start":{"line":9,"column":12},"end":{"line":9,"column":28}},"5":{"start":{"line":10,"column":12},"end":{"line":16,"column":13}},"6":{"start":{"line":11,"column":16},"end":{"line":11,"column":27}},"7":{"start":{"line":13,"column":16},"end":{"line":15,"column":17}},"8":{"start":{"line":14,"column":20},"end":{"line":14,"column":34}},"9":{"start":{"line":18,"column":12},"end":{"line":18,"column":28}},"10":{"start":{"line":22,"column":8},"end":{"line":33,"column":9}},"11":{"start":{"line":23,"column":12},"end":{"line":23,"column":25}},"12":{"start":{"line":25,"column":12},"end":{"line":30,"column":13}},"13":{"start":{"line":26,"column":16},"end":{"line":29,"column":17}},"14":{"start":{"line":27,"column":20},"end":{"line":27,"column":71}},"15":{"start":{"line":32,"column":12},"end":{"line":32,"column":23}},"16":{"start":{"line":35,"column":8},"end":{"line":35,"column":49}},"17":{"start":{"line":36,"column":8},"end":{"line":36,"column":45}},"18":{"start":{"line":37,"column":8},"end":{"line":37,"column":51}},"19":{"start":{"line":39,"column":8},"end":{"line":39,"column":32}},"20":{"start":{"line":54,"column":8},"end":{"line":59,"column":9}},"21":{"start":{"line":56,"column":12},"end":{"line":56,"column":24}},"22":{"start":{"line":58,"column":12},"end":{"line":58,"column":25}}},"branchMap":{"1":{"line":13,"type":"if","locations":[{"start":{"line":13,"column":16},"end":{"line":13,"column":16}},{"start":{"line":13,"column":16},"end":{"line":13,"column":16}}]},"2":{"line":26,"type":"if","locations":[{"start":{"line":26,"column":16},"end":{"line":26,"column":16}},{"start":{"line":26,"column":16},"end":{"line":26,"column":16}}]},"3":{"line":54,"type":"if","locations":[{"start":{"line":54,"column":8},"end":{"line":54,"column":8}},{"start":{"line":54,"column":8},"end":{"line":54,"column":8}}]},"4":{"line":54,"type":"binary-expr","locations":[{"start":{"line":54,"column":12},"end":{"line":54,"column":32}},{"start":{"line":55,"column":16},"end":{"line":55,"column":69}}]}}},"/Users/greg/gregpro/dev/bootcamp/angular/photo-rating-api-mysql/db-functions.js":{"path":"/Users/greg/gregpro/dev/bootcamp/angular/photo-rating-api-mysql/db-functions.js","s":{"1":1,"2":1,"3":1,"4":1,"5":1,"6":1,"7":1,"8":1,"9":1,"10":1,"11":0,"12":1,"13":1,"14":2,"15":2,"16":2,"17":2,"18":0,"19":2,"20":2,"21":1,"22":1,"23":1,"24":1,"25":1,"26":1,"27":1,"28":0,"29":1,"30":1,"31":1,"32":0,"33":1,"34":1,"35":1,"36":1,"37":1,"38":0,"39":1,"40":0,"41":1,"42":1,"43":1,"44":1,"45":1,"46":1,"47":0,"48":1,"49":1,"50":0,"51":1,"52":1,"53":1,"54":1,"55":1,"56":1,"57":1,"58":0,"59":1,"60":1,"61":0,"62":1},"b":{"1":[0,1],"2":[0,2],"3":[0,1],"4":[0,1],"5":[0,1],"6":[0,1],"7":[0,1],"8":[0,1],"9":[0,1]},"f":{"1":1,"2":1,"3":1,"4":1,"5":2,"6":2,"7":2,"8":1,"9":1,"10":1,"11":1,"12":1,"13":1,"14":1,"15":1,"16":1,"17":1,"18":1,"19":1,"20":1},"fnMap":{"1":{"name":"Database","line":7,"loc":{"start":{"line":7,"column":0},"end":{"line":7,"column":19}}},"2":{"name":"(anonymous_2)","line":19,"loc":{"start":{"line":19,"column":28},"end":{"line":19,"column":38}}},"3":{"name":"(anonymous_3)","line":22,"loc":{"start":{"line":22,"column":6},"end":{"line":22,"column":31}}},"4":{"name":"(anonymous_4)","line":24,"loc":{"start":{"line":24,"column":26},"end":{"line":24,"column":58}}},"5":{"name":"(anonymous_5)","line":35,"loc":{"start":{"line":35,"column":24},"end":{"line":35,"column":43}}},"6":{"name":"(anonymous_6)","line":38,"loc":{"start":{"line":38,"column":6},"end":{"line":38,"column":31}}},"7":{"name":"(anonymous_7)","line":41,"loc":{"start":{"line":41,"column":26},"end":{"line":41,"column":58}}},"8":{"name":"(anonymous_8)","line":57,"loc":{"start":{"line":57,"column":26},"end":{"line":57,"column":51}}},"9":{"name":"(anonymous_9)","line":60,"loc":{"start":{"line":60,"column":6},"end":{"line":60,"column":31}}},"10":{"name":"(anonymous_10)","line":63,"loc":{"start":{"line":63,"column":27},"end":{"line":63,"column":59}}},"11":{"name":"(anonymous_11)","line":67,"loc":{"start":{"line":67,"column":29},"end":{"line":67,"column":61}}},"12":{"name":"(anonymous_12)","line":78,"loc":{"start":{"line":78,"column":33},"end":{"line":78,"column":65}}},"13":{"name":"(anonymous_13)","line":102,"loc":{"start":{"line":102,"column":23},"end":{"line":102,"column":42}}},"14":{"name":"(anonymous_14)","line":105,"loc":{"start":{"line":105,"column":6},"end":{"line":105,"column":31}}},"15":{"name":"(anonymous_15)","line":108,"loc":{"start":{"line":108,"column":27},"end":{"line":108,"column":59}}},"16":{"name":"(anonymous_16)","line":112,"loc":{"start":{"line":112,"column":29},"end":{"line":112,"column":61}}},"17":{"name":"(anonymous_17)","line":124,"loc":{"start":{"line":124,"column":23},"end":{"line":124,"column":59}}},"18":{"name":"(anonymous_18)","line":127,"loc":{"start":{"line":127,"column":6},"end":{"line":127,"column":31}}},"19":{"name":"(anonymous_19)","line":131,"loc":{"start":{"line":131,"column":27},"end":{"line":131,"column":59}}},"20":{"name":"(anonymous_20)","line":135,"loc":{"start":{"line":135,"column":29},"end":{"line":135,"column":61}}}},"statementMap":{"1":{"start":{"line":1,"column":0},"end":{"line":1,"column":29}},"2":{"start":{"line":4,"column":0},"end":{"line":4,"column":26}},"3":{"start":{"line":7,"column":0},"end":{"line":148,"column":1}},"4":{"start":{"line":8,"column":2},"end":{"line":8,"column":18}},"5":{"start":{"line":10,"column":2},"end":{"line":16,"column":5}},"6":{"start":{"line":19,"column":2},"end":{"line":32,"column":4}},"7":{"start":{"line":21,"column":4},"end":{"line":30,"column":6}},"8":{"start":{"line":23,"column":8},"end":{"line":23,"column":50}},"9":{"start":{"line":24,"column":8},"end":{"line":28,"column":11}},"10":{"start":{"line":25,"column":10},"end":{"line":25,"column":57}},"11":{"start":{"line":25,"column":21},"end":{"line":25,"column":57}},"12":{"start":{"line":27,"column":10},"end":{"line":27,"column":50}},"13":{"start":{"line":35,"column":2},"end":{"line":55,"column":4}},"14":{"start":{"line":37,"column":4},"end":{"line":54,"column":6}},"15":{"start":{"line":39,"column":8},"end":{"line":39,"column":120}},"16":{"start":{"line":41,"column":8},"end":{"line":52,"column":11}},"17":{"start":{"line":42,"column":10},"end":{"line":42,"column":61}},"18":{"start":{"line":42,"column":21},"end":{"line":42,"column":61}},"19":{"start":{"line":44,"column":10},"end":{"line":49,"column":11}},"20":{"start":{"line":45,"column":12},"end":{"line":45,"column":37}},"21":{"start":{"line":46,"column":12},"end":{"line":46,"column":19}},"22":{"start":{"line":48,"column":12},"end":{"line":48,"column":31}},"23":{"start":{"line":57,"column":2},"end":{"line":100,"column":4}},"24":{"start":{"line":59,"column":4},"end":{"line":97,"column":6}},"25":{"start":{"line":62,"column":8},"end":{"line":62,"column":74}},"26":{"start":{"line":63,"column":8},"end":{"line":94,"column":11}},"27":{"start":{"line":64,"column":10},"end":{"line":64,"column":61}},"28":{"start":{"line":64,"column":21},"end":{"line":64,"column":61}},"29":{"start":{"line":66,"column":10},"end":{"line":66,"column":77}},"30":{"start":{"line":67,"column":10},"end":{"line":91,"column":13}},"31":{"start":{"line":68,"column":12},"end":{"line":68,"column":63}},"32":{"start":{"line":68,"column":23},"end":{"line":68,"column":63}},"33":{"start":{"line":70,"column":12},"end":{"line":89,"column":13}},"34":{"start":{"line":71,"column":14},"end":{"line":75,"column":25}},"35":{"start":{"line":76,"column":14},"end":{"line":76,"column":44}},"36":{"start":{"line":78,"column":14},"end":{"line":83,"column":17}},"37":{"start":{"line":79,"column":16},"end":{"line":79,"column":67}},"38":{"start":{"line":79,"column":27},"end":{"line":79,"column":67}},"39":{"start":{"line":81,"column":16},"end":{"line":81,"column":72}},"40":{"start":{"line":88,"column":14},"end":{"line":88,"column":33}},"41":{"start":{"line":102,"column":2},"end":{"line":122,"column":4}},"42":{"start":{"line":104,"column":4},"end":{"line":120,"column":6}},"43":{"start":{"line":106,"column":8},"end":{"line":106,"column":73}},"44":{"start":{"line":107,"column":8},"end":{"line":107,"column":86}},"45":{"start":{"line":108,"column":8},"end":{"line":118,"column":11}},"46":{"start":{"line":110,"column":10},"end":{"line":110,"column":58}},"47":{"start":{"line":110,"column":21},"end":{"line":110,"column":58}},"48":{"start":{"line":112,"column":10},"end":{"line":116,"column":13}},"49":{"start":{"line":113,"column":12},"end":{"line":113,"column":60}},"50":{"start":{"line":113,"column":23},"end":{"line":113,"column":60}},"51":{"start":{"line":115,"column":12},"end":{"line":115,"column":46}},"52":{"start":{"line":124,"column":2},"end":{"line":145,"column":4}},"53":{"start":{"line":126,"column":4},"end":{"line":143,"column":6}},"54":{"start":{"line":128,"column":8},"end":{"line":128,"column":96}},"55":{"start":{"line":129,"column":8},"end":{"line":129,"column":127}},"56":{"start":{"line":131,"column":8},"end":{"line":141,"column":11}},"57":{"start":{"line":133,"column":10},"end":{"line":133,"column":58}},"58":{"start":{"line":133,"column":21},"end":{"line":133,"column":58}},"59":{"start":{"line":135,"column":10},"end":{"line":139,"column":13}},"60":{"start":{"line":136,"column":12},"end":{"line":136,"column":60}},"61":{"start":{"line":136,"column":23},"end":{"line":136,"column":60}},"62":{"start":{"line":138,"column":12},"end":{"line":138,"column":43}}},"branchMap":{"1":{"line":25,"type":"if","locations":[{"start":{"line":25,"column":10},"end":{"line":25,"column":10}},{"start":{"line":25,"column":10},"end":{"line":25,"column":10}}]},"2":{"line":42,"type":"if","locations":[{"start":{"line":42,"column":10},"end":{"line":42,"column":10}},{"start":{"line":42,"column":10},"end":{"line":42,"column":10}}]},"3":{"line":64,"type":"if","locations":[{"start":{"line":64,"column":10},"end":{"line":64,"column":10}},{"start":{"line":64,"column":10},"end":{"line":64,"column":10}}]},"4":{"line":68,"type":"if","locations":[{"start":{"line":68,"column":12},"end":{"line":68,"column":12}},{"start":{"line":68,"column":12},"end":{"line":68,"column":12}}]},"5":{"line":79,"type":"if","locations":[{"start":{"line":79,"column":16},"end":{"line":79,"column":16}},{"start":{"line":79,"column":16},"end":{"line":79,"column":16}}]},"6":{"line":110,"type":"if","locations":[{"start":{"line":110,"column":10},"end":{"line":110,"column":10}},{"start":{"line":110,"column":10},"end":{"line":110,"column":10}}]},"7":{"line":113,"type":"if","locations":[{"start":{"line":113,"column":12},"end":{"line":113,"column":12}},{"start":{"line":113,"column":12},"end":{"line":113,"column":12}}]},"8":{"line":133,"type":"if","locations":[{"start":{"line":133,"column":10},"end":{"line":133,"column":10}},{"start":{"line":133,"column":10},"end":{"line":133,"column":10}}]},"9":{"line":136,"type":"if","locations":[{"start":{"line":136,"column":12},"end":{"line":136,"column":12}},{"start":{"line":136,"column":12},"end":{"line":136,"column":12}}]}}}}