TN:
SF:/Users/greg/gregpro/dev/bootcamp/angular/photo-rating-api-mysql/app.js
FN:19,(anonymous_1)
FN:23,(anonymous_2)
FN:27,(anonymous_3)
FN:36,(anonymous_4)
FN:45,(anonymous_5)
FN:48,(anonymous_6)
FN:67,(anonymous_7)
FN:73,(anonymous_8)
FN:76,(anonymous_9)
FN:90,(anonymous_10)
FN:99,(anonymous_11)
FN:102,(anonymous_12)
FN:119,(anonymous_13)
FN:128,(anonymous_14)
FN:131,(anonymous_15)
FN:152,(anonymous_16)
FN:175,(anonymous_17)
FN:185,(anonymous_18)
FNF:18
FNH:13
FNDA:1,(anonymous_1)
FNDA:1,(anonymous_2)
FNDA:0,(anonymous_3)
FNDA:2,(anonymous_4)
FNDA:1,(anonymous_5)
FNDA:1,(anonymous_6)
FNDA:1,(anonymous_7)
FNDA:1,(anonymous_8)
FNDA:0,(anonymous_9)
FNDA:1,(anonymous_10)
FNDA:1,(anonymous_11)
FNDA:0,(anonymous_12)
FNDA:2,(anonymous_13)
FNDA:1,(anonymous_14)
FNDA:0,(anonymous_15)
FNDA:1,(anonymous_16)
FNDA:0,(anonymous_17)
FNDA:1,(anonymous_18)
DA:1,1
DA:2,1
DA:3,1
DA:4,1
DA:5,1
DA:6,1
DA:7,1
DA:8,1
DA:11,1
DA:12,1
DA:15,1
DA:16,1
DA:19,1
DA:21,1
DA:24,1
DA:25,1
DA:28,0
DA:29,0
DA:36,1
DA:38,2
DA:39,2
DA:41,2
DA:43,2
DA:46,1
DA:49,1
DA:54,0
DA:57,0
DA:58,0
DA:67,1
DA:69,1
DA:71,1
DA:74,1
DA:77,0
DA:78,0
DA:83,0
DA:90,1
DA:92,1
DA:93,1
DA:95,1
DA:97,1
DA:100,1
DA:103,0
DA:104,0
DA:109,0
DA:112,0
DA:113,0
DA:119,1
DA:121,2
DA:122,2
DA:124,2
DA:126,1
DA:129,1
DA:132,0
DA:133,0
DA:138,1
DA:141,0
DA:142,0
DA:152,1
DA:153,1
DA:154,1
DA:155,1
DA:156,1
DA:158,1
DA:159,1
DA:160,10
DA:161,9
DA:168,1
DA:175,1
DA:176,0
DA:177,0
DA:178,0
DA:179,0
DA:181,0
DA:185,1
DA:186,1
DA:189,1
LF:76
LH:54
BRDA:41,1,0,2
BRDA:41,1,1,0
BRDA:69,2,0,1
BRDA:69,2,1,0
BRDA:69,3,0,1
BRDA:69,3,1,1
BRDA:95,4,0,1
BRDA:95,4,1,0
BRDA:124,5,0,1
BRDA:124,5,1,1
BRDA:160,6,0,9
BRDA:160,6,1,1
BRF:12
BRH:9
end_of_record
TN:
SF:/Users/greg/gregpro/dev/bootcamp/angular/photo-rating-api-mysql/api-functions.js
FN:6,(anonymous_1)
FN:7,(anonymous_2)
FN:22,(anonymous_3)
FN:43,(anonymous_4)
FNF:4
FNH:0
FNDA:0,(anonymous_1)
FNDA:0,(anonymous_2)
FNDA:0,(anonymous_3)
FNDA:0,(anonymous_4)
DA:3,1
DA:5,1
DA:7,0
DA:9,0
DA:10,0
DA:11,0
DA:13,0
DA:14,0
DA:18,0
DA:22,0
DA:23,0
DA:25,0
DA:26,0
DA:27,0
DA:32,0
DA:35,0
DA:36,0
DA:37,0
DA:39,0
DA:54,0
DA:56,0
DA:58,0
LF:22
LH:2
BRDA:13,1,0,0
BRDA:13,1,1,0
BRDA:26,2,0,0
BRDA:26,2,1,0
BRDA:54,3,0,0
BRDA:54,3,1,0
BRDA:54,4,0,0
BRDA:54,4,1,0
BRF:8
BRH:0
end_of_record
TN:
SF:/Users/greg/gregpro/dev/bootcamp/angular/photo-rating-api-mysql/db-functions.js
FN:7,Database
FN:19,(anonymous_2)
FN:22,(anonymous_3)
FN:24,(anonymous_4)
FN:35,(anonymous_5)
FN:38,(anonymous_6)
FN:41,(anonymous_7)
FN:57,(anonymous_8)
FN:60,(anonymous_9)
FN:63,(anonymous_10)
FN:67,(anonymous_11)
FN:78,(anonymous_12)
FN:102,(anonymous_13)
FN:105,(anonymous_14)
FN:108,(anonymous_15)
FN:112,(anonymous_16)
FN:124,(anonymous_17)
FN:127,(anonymous_18)
FN:131,(anonymous_19)
FN:135,(anonymous_20)
FNF:20
FNH:20
FNDA:1,Database
FNDA:1,(anonymous_2)
FNDA:1,(anonymous_3)
FNDA:1,(anonymous_4)
FNDA:2,(anonymous_5)
FNDA:2,(anonymous_6)
FNDA:2,(anonymous_7)
FNDA:1,(anonymous_8)
FNDA:1,(anonymous_9)
FNDA:1,(anonymous_10)
FNDA:1,(anonymous_11)
FNDA:1,(anonymous_12)
FNDA:1,(anonymous_13)
FNDA:1,(anonymous_14)
FNDA:1,(anonymous_15)
FNDA:1,(anonymous_16)
FNDA:1,(anonymous_17)
FNDA:1,(anonymous_18)
FNDA:1,(anonymous_19)
FNDA:1,(anonymous_20)
DA:1,1
DA:4,1
DA:7,1
DA:8,1
DA:10,1
DA:19,1
DA:21,1
DA:23,1
DA:24,1
DA:25,1
DA:27,1
DA:35,1
DA:37,2
DA:39,2
DA:41,2
DA:42,2
DA:44,2
DA:45,2
DA:46,1
DA:48,1
DA:57,1
DA:59,1
DA:62,1
DA:63,1
DA:64,1
DA:66,1
DA:67,1
DA:68,1
DA:70,1
DA:71,1
DA:76,1
DA:78,1
DA:79,1
DA:81,1
DA:88,0
DA:102,1
DA:104,1
DA:106,1
DA:107,1
DA:108,1
DA:110,1
DA:112,1
DA:113,1
DA:115,1
DA:124,1
DA:126,1
DA:128,1
DA:129,1
DA:131,1
DA:133,1
DA:135,1
DA:136,1
DA:138,1
LF:53
LH:52
BRDA:25,1,0,0
BRDA:25,1,1,1
BRDA:42,2,0,0
BRDA:42,2,1,2
BRDA:64,3,0,0
BRDA:64,3,1,1
BRDA:68,4,0,0
BRDA:68,4,1,1
BRDA:79,5,0,0
BRDA:79,5,1,1
BRDA:110,6,0,0
BRDA:110,6,1,1
BRDA:113,7,0,0
BRDA:113,7,1,1
BRDA:133,8,0,0
BRDA:133,8,1,1
BRDA:136,9,0,0
BRDA:136,9,1,1
BRF:18
BRH:9
end_of_record
