TN:
SF:/Users/greg/gregpro/dev/bootcamp/angular/photo-rating-api-mysql/app.js
FN:17,(anonymous_1)
FN:21,(anonymous_2)
FN:24,(anonymous_3)
FN:32,(anonymous_4)
FN:41,(anonymous_5)
FN:44,(anonymous_6)
FN:63,(anonymous_7)
FN:70,(anonymous_8)
FN:73,(anonymous_9)
FN:95,(anonymous_10)
FN:104,(anonymous_11)
FN:107,(anonymous_12)
FN:124,(anonymous_13)
FN:133,(anonymous_14)
FN:136,(anonymous_15)
FN:157,(anonymous_16)
FN:194,(anonymous_17)
FN:218,(anonymous_18)
FNF:18
FNH:13
FNDA:1,(anonymous_1)
FNDA:1,(anonymous_2)
FNDA:0,(anonymous_3)
FNDA:3,(anonymous_4)
FNDA:1,(anonymous_5)
FNDA:1,(anonymous_6)
FNDA:1,(anonymous_7)
FNDA:1,(anonymous_8)
FNDA:0,(anonymous_9)
FNDA:1,(anonymous_10)
FNDA:1,(anonymous_11)
FNDA:0,(anonymous_12)
FNDA:2,(anonymous_13)
FNDA:1,(anonymous_14)
FNDA:0,(anonymous_15)
FNDA:1,(anonymous_16)
FNDA:0,(anonymous_17)
FNDA:1,(anonymous_18)
DA:1,1
DA:2,1
DA:3,1
DA:4,1
DA:5,1
DA:6,1
DA:9,1
DA:10,1
DA:13,1
DA:14,1
DA:17,1
DA:19,1
DA:22,1
DA:25,0
DA:26,0
DA:32,1
DA:34,3
DA:35,3
DA:37,3
DA:39,2
DA:42,1
DA:45,1
DA:50,1
DA:53,0
DA:54,0
DA:63,1
DA:65,1
DA:66,1
DA:68,1
DA:71,1
DA:74,0
DA:75,0
DA:80,0
DA:84,0
DA:85,0
DA:95,1
DA:97,1
DA:98,1
DA:100,1
DA:102,1
DA:105,1
DA:108,0
DA:109,0
DA:114,0
DA:117,0
DA:118,0
DA:124,1
DA:126,2
DA:127,2
DA:129,2
DA:131,1
DA:134,1
DA:137,0
DA:138,0
DA:143,1
DA:146,0
DA:147,0
DA:157,1
DA:159,1
DA:160,1
DA:161,1
DA:163,1
DA:164,0
DA:165,1
DA:166,0
DA:168,1
DA:169,1
DA:171,1
DA:172,1
DA:173,10
DA:174,9
DA:181,1
DA:185,0
DA:186,0
DA:194,1
DA:196,0
DA:197,0
DA:198,0
DA:199,0
DA:200,0
DA:202,0
DA:203,0
DA:204,0
DA:205,0
DA:207,0
DA:211,0
DA:212,0
DA:218,1
DA:219,1
DA:222,1
LF:90
LH:56
BRDA:37,1,0,2
BRDA:37,1,1,1
BRDA:66,2,0,1
BRDA:66,2,1,0
BRDA:66,3,0,1
BRDA:66,3,1,1
BRDA:100,4,0,1
BRDA:100,4,1,0
BRDA:129,5,0,1
BRDA:129,5,1,1
BRDA:163,6,0,0
BRDA:163,6,1,1
BRDA:165,7,0,0
BRDA:165,7,1,1
BRDA:173,8,0,9
BRDA:173,8,1,1
BRDA:202,9,0,0
BRDA:202,9,1,0
BRDA:204,10,0,0
BRDA:204,10,1,0
BRF:20
BRH:12
end_of_record
TN:
SF:/Users/greg/gregpro/dev/bootcamp/angular/photo-rating-api-mysql/db-functions.js
FN:5,Database
FN:16,(anonymous_2)
FN:18,(anonymous_3)
FN:21,(anonymous_4)
FN:32,(anonymous_5)
FN:34,(anonymous_6)
FN:37,(anonymous_7)
FN:54,(anonymous_8)
FN:56,(anonymous_9)
FN:59,(anonymous_10)
FN:63,(anonymous_11)
FN:73,(anonymous_12)
FN:86,(anonymous_13)
FN:88,(anonymous_14)
FN:93,(anonymous_15)
FN:96,(anonymous_16)
FN:107,(anonymous_17)
FN:109,(anonymous_18)
FN:113,(anonymous_19)
FN:116,(anonymous_20)
FNF:20
FNH:20
FNDA:1,Database
FNDA:1,(anonymous_2)
FNDA:1,(anonymous_3)
FNDA:1,(anonymous_4)
FNDA:2,(anonymous_5)
FNDA:2,(anonymous_6)
FNDA:2,(anonymous_7)
FNDA:1,(anonymous_8)
FNDA:1,(anonymous_9)
FNDA:1,(anonymous_10)
FNDA:1,(anonymous_11)
FNDA:1,(anonymous_12)
FNDA:1,(anonymous_13)
FNDA:1,(anonymous_14)
FNDA:1,(anonymous_15)
FNDA:1,(anonymous_16)
FNDA:1,(anonymous_17)
FNDA:1,(anonymous_18)
FNDA:1,(anonymous_19)
FNDA:1,(anonymous_20)
DA:1,1
DA:3,1
DA:5,1
DA:7,1
DA:16,1
DA:17,1
DA:20,1
DA:21,1
DA:22,1
DA:24,1
DA:32,1
DA:33,2
DA:36,2
DA:37,2
DA:38,2
DA:40,2
DA:41,2
DA:42,1
DA:44,1
DA:54,1
DA:55,1
DA:58,1
DA:59,1
DA:60,1
DA:62,1
DA:63,1
DA:64,1
DA:66,1
DA:71,1
DA:73,1
DA:74,1
DA:76,1
DA:86,1
DA:87,1
DA:91,1
DA:92,1
DA:93,1
DA:94,1
DA:96,1
DA:97,1
DA:99,1
DA:107,1
DA:108,1
DA:111,1
DA:112,1
DA:113,1
DA:114,1
DA:116,1
DA:117,1
DA:119,1
LF:50
LH:50
BRDA:22,1,0,0
BRDA:22,1,1,1
BRDA:38,2,0,0
BRDA:38,2,1,2
BRDA:60,3,0,0
BRDA:60,3,1,1
BRDA:64,4,0,0
BRDA:64,4,1,1
BRDA:74,5,0,0
BRDA:74,5,1,1
BRDA:94,6,0,0
BRDA:94,6,1,1
BRDA:97,7,0,0
BRDA:97,7,1,1
BRDA:114,8,0,0
BRDA:114,8,1,1
BRDA:117,9,0,0
BRDA:117,9,1,1
BRF:18
BRH:9
end_of_record
